This file contains any messages produced by compilers while
running configure, to aid debugging if configure makes a mistake.

It was created by Body Tracking Benchmark configure 1.0, which was
generated by GNU Autoconf 2.60.  Invocation command line was

  $ ./configure 

## --------- ##
## Platform. ##
## --------- ##

hostname = tegra-ubuntu
uname -m = aarch64
uname -r = 3.10.67-g458d45c
uname -s = Linux
uname -v = #1 SMP PREEMPT Mon Feb 8 17:44:18 PST 2016

/usr/bin/uname -p = unknown
/bin/uname -X     = unknown

/bin/arch              = unknown
/usr/bin/arch -k       = unknown
/usr/convex/getsysinfo = unknown
/usr/bin/hostinfo      = unknown
/bin/machine           = unknown
/usr/bin/oslevel       = unknown
/bin/universe          = unknown

PATH: /usr/local/cuda-7.0/bin
PATH: /usr/local/sbin
PATH: /usr/local/bin
PATH: /usr/sbin
PATH: /usr/bin
PATH: /sbin
PATH: /bin
PATH: /home/ubuntu/parsec-3.0/bin


## ----------- ##
## Core tests. ##
## ----------- ##

configure:1976: checking for a BSD-compatible install
configure:2032: result: /usr/bin/install -c
configure:2043: checking whether build environment is sane
configure:2086: result: yes
configure:2151: checking for gawk
configure:2181: result: no
configure:2151: checking for mawk
configure:2167: found /usr/bin/mawk
configure:2178: result: mawk
configure:2189: checking whether make sets $(MAKE)
configure:2210: result: yes
configure:2504: checking build system type
configure:2513: error: cannot guess build type; you must specify one

## ---------------- ##
## Cache variables. ##
## ---------------- ##

ac_cv_env_CCC_set=
ac_cv_env_CCC_value=
ac_cv_env_CC_set=
ac_cv_env_CC_value=
ac_cv_env_CFLAGS_set=
ac_cv_env_CFLAGS_value=
ac_cv_env_CPPFLAGS_set=
ac_cv_env_CPPFLAGS_value=
ac_cv_env_CPP_set=
ac_cv_env_CPP_value=
ac_cv_env_CXXCPP_set=
ac_cv_env_CXXCPP_value=
ac_cv_env_CXXFLAGS_set=
ac_cv_env_CXXFLAGS_value=
ac_cv_env_CXX_set=
ac_cv_env_CXX_value=
ac_cv_env_F77_set=
ac_cv_env_F77_value=
ac_cv_env_FFLAGS_set=
ac_cv_env_FFLAGS_value=
ac_cv_env_LDFLAGS_set=
ac_cv_env_LDFLAGS_value=
ac_cv_env_build_alias_set=
ac_cv_env_build_alias_value=
ac_cv_env_host_alias_set=
ac_cv_env_host_alias_value=
ac_cv_env_target_alias_set=
ac_cv_env_target_alias_value=
ac_cv_path_install='/usr/bin/install -c'
ac_cv_prog_AWK=mawk
ac_cv_prog_make_make_set=yes

## ----------------- ##
## Output variables. ##
## ----------------- ##

ACLOCAL='${SHELL} /home/ubuntu/parsec-3.0/pkgs/apps/bodytrack/src/missing --run aclocal-1.9'
AMDEPBACKSLASH=''
AMDEP_FALSE=''
AMDEP_TRUE=''
AMTAR='${SHELL} /home/ubuntu/parsec-3.0/pkgs/apps/bodytrack/src/missing --run tar'
AR=''
AUTOCONF='${SHELL} /home/ubuntu/parsec-3.0/pkgs/apps/bodytrack/src/missing --run autoconf'
AUTOHEADER='${SHELL} /home/ubuntu/parsec-3.0/pkgs/apps/bodytrack/src/missing --run autoheader'
AUTOMAKE='${SHELL} /home/ubuntu/parsec-3.0/pkgs/apps/bodytrack/src/missing --run automake-1.9'
AWK='mawk'
CC=''
CCDEPMODE=''
CFLAGS=''
CPP=''
CPPFLAGS=''
CXX=''
CXXCPP=''
CXXDEPMODE=''
CXXFLAGS=''
CYGPATH_W='echo'
DEFS=''
DEPDIR=''
ECHO='echo'
ECHO_C=''
ECHO_N='-n'
ECHO_T=''
EGREP=''
ENABLE_OPENMP=''
ENABLE_OPENMP_FALSE=''
ENABLE_OPENMP_TRUE=''
ENABLE_TBB=''
ENABLE_TBB_FALSE=''
ENABLE_TBB_TRUE=''
ENABLE_THREADS=''
ENABLE_THREADS_FALSE=''
ENABLE_THREADS_TRUE=''
EXEEXT=''
F77=''
FFLAGS=''
GREP=''
INSTALL_DATA='${INSTALL} -m 644'
INSTALL_PROGRAM='${INSTALL}'
INSTALL_SCRIPT='${INSTALL}'
INSTALL_STRIP_PROGRAM='${SHELL} $(install_sh) -c -s'
LDFLAGS=''
LIBOBJS=''
LIBS=''
LIBTOOL=''
LN_S=''
LTLIBOBJS=''
MAKEINFO='${SHELL} /home/ubuntu/parsec-3.0/pkgs/apps/bodytrack/src/missing --run makeinfo'
OBJEXT=''
PACKAGE='body-tracking-benchmark'
PACKAGE_BUGREPORT='cbienia@cs.princeton.edu'
PACKAGE_NAME='Body Tracking Benchmark'
PACKAGE_STRING='Body Tracking Benchmark 1.0'
PACKAGE_TARNAME='body-tracking-benchmark'
PACKAGE_VERSION='1.0'
PATH_SEPARATOR=':'
RANLIB=''
SED=''
SET_MAKE=''
SHELL='/bin/bash'
STRIP=''
VERSION='1.0'
ac_ct_CC=''
ac_ct_CXX=''
ac_ct_F77=''
am__fastdepCC_FALSE=''
am__fastdepCC_TRUE=''
am__fastdepCXX_FALSE=''
am__fastdepCXX_TRUE=''
am__include=''
am__leading_dot='.'
am__quote=''
am__tar='${AMTAR} chof - "$$tardir"'
am__untar='${AMTAR} xf -'
bindir='${exec_prefix}/bin'
build=''
build_alias=''
build_cpu=''
build_os=''
build_vendor=''
datadir='${datarootdir}'
datarootdir='${prefix}/share'
docdir='${datarootdir}/doc/${PACKAGE_TARNAME}'
dvidir='${docdir}'
exec_prefix='NONE'
host=''
host_alias=''
host_cpu=''
host_os=''
host_vendor=''
htmldir='${docdir}'
includedir='${prefix}/include'
infodir='${datarootdir}/info'
install_sh='/home/ubuntu/parsec-3.0/pkgs/apps/bodytrack/src/install-sh'
libdir='${exec_prefix}/lib'
libexecdir='${exec_prefix}/libexec'
localedir='${datarootdir}/locale'
localstatedir='${prefix}/var'
mandir='${datarootdir}/man'
mkdir_p='mkdir -p --'
oldincludedir='/usr/include'
pdfdir='${docdir}'
prefix='NONE'
program_transform_name='s,x,x,'
psdir='${docdir}'
sbindir='${exec_prefix}/sbin'
sharedstatedir='${prefix}/com'
sysconfdir='${prefix}/etc'
target_alias=''

## ----------- ##
## confdefs.h. ##
## ----------- ##

#define PACKAGE_NAME "Body Tracking Benchmark"
#define PACKAGE_TARNAME "body-tracking-benchmark"
#define PACKAGE_VERSION "1.0"
#define PACKAGE_STRING "Body Tracking Benchmark 1.0"
#define PACKAGE_BUGREPORT "cbienia@cs.princeton.edu"
#define PACKAGE "body-tracking-benchmark"
#define VERSION "1.0"

configure: exit 1
